0 info it worked if it ends with ok
1 verbose cli [ 'node', '/usr/local/bin/npm', 'install', 'engine.ws' ]
2 info using npm@1.4.14
3 info using node@v0.10.29
4 verbose cache add [ 'engine.ws', null ]
5 verbose cache add name=undefined spec="engine.ws" args=["engine.ws",null]
6 verbose parsed url { protocol: null,
6 verbose parsed url   slashes: null,
6 verbose parsed url   auth: null,
6 verbose parsed url   host: null,
6 verbose parsed url   port: null,
6 verbose parsed url   hostname: null,
6 verbose parsed url   hash: null,
6 verbose parsed url   search: null,
6 verbose parsed url   query: null,
6 verbose parsed url   pathname: 'engine.ws',
6 verbose parsed url   path: 'engine.ws',
6 verbose parsed url   href: 'engine.ws' }
7 silly lockFile 87eb9f29-engine-ws engine.ws
8 verbose lock engine.ws /Users/admin/.npm/87eb9f29-engine-ws.lock
9 silly lockFile 87eb9f29-engine-ws engine.ws
10 silly lockFile 87eb9f29-engine-ws engine.ws
11 verbose addNamed [ 'engine.ws', '' ]
12 verbose addNamed [ null, '*' ]
13 silly lockFile 8e26d108-engine-ws engine.ws@
14 verbose lock engine.ws@ /Users/admin/.npm/8e26d108-engine-ws.lock
15 silly addNameRange { name: 'engine.ws', range: '*', hasData: false }
16 verbose url raw engine.ws
17 verbose url resolving [ 'https://registry.npmjs.org/', './engine.ws' ]
18 verbose url resolved https://registry.npmjs.org/engine.ws
19 info trying registry request attempt 1 at 17:30:14
20 http GET https://registry.npmjs.org/engine.ws
21 http 404 https://registry.npmjs.org/engine.ws
22 verbose headers { date: 'Mon, 14 Jul 2014 10:30:15 GMT',
22 verbose headers   server: 'CouchDB/1.5.0 (Erlang OTP/R16B03)',
22 verbose headers   'content-type': 'application/json',
22 verbose headers   'cache-control': 'max-age=0',
22 verbose headers   'content-length': '52',
22 verbose headers   'accept-ranges': 'bytes',
22 verbose headers   via: '1.1 varnish',
22 verbose headers   age: '0',
22 verbose headers   'x-served-by': 'cache-fra1226-FRA',
22 verbose headers   'x-cache': 'MISS',
22 verbose headers   'x-cache-hits': '0',
22 verbose headers   'x-timer': 'S1405333815.734498,VS0,VE183',
22 verbose headers   'keep-alive': 'timeout=10, max=50',
22 verbose headers   connection: 'Keep-Alive' }
23 silly registry.get cb [ 404,
23 silly registry.get   { date: 'Mon, 14 Jul 2014 10:30:15 GMT',
23 silly registry.get     server: 'CouchDB/1.5.0 (Erlang OTP/R16B03)',
23 silly registry.get     'content-type': 'application/json',
23 silly registry.get     'cache-control': 'max-age=0',
23 silly registry.get     'content-length': '52',
23 silly registry.get     'accept-ranges': 'bytes',
23 silly registry.get     via: '1.1 varnish',
23 silly registry.get     age: '0',
23 silly registry.get     'x-served-by': 'cache-fra1226-FRA',
23 silly registry.get     'x-cache': 'MISS',
23 silly registry.get     'x-cache-hits': '0',
23 silly registry.get     'x-timer': 'S1405333815.734498,VS0,VE183',
23 silly registry.get     'keep-alive': 'timeout=10, max=50',
23 silly registry.get     connection: 'Keep-Alive' } ]
24 silly lockFile 8e26d108-engine-ws engine.ws@
25 silly lockFile 8e26d108-engine-ws engine.ws@
26 error 404 404 Not Found: engine.ws
26 error 404
26 error 404 'engine.ws' is not in the npm registry.
26 error 404 You should bug the author to publish it
26 error 404
26 error 404 Note that you can also install from a
26 error 404 tarball, folder, or http url, or git url.
27 error System Darwin 13.1.0
28 error command "node" "/usr/local/bin/npm" "install" "engine.ws"
29 error cwd /Users/admin/devlopment/nodejs/websocket
30 error node -v v0.10.29
31 error npm -v 1.4.14
32 error code E404
33 verbose exit [ 1, true ]
